<?xml version="1.0" encoding="UTF-8"?>
<!-- Generated by org.testng.reporters.JUnitXMLReporter -->
<testsuite ignored="0" hostname="NomadicShri" failures="0" tests="3" name="Default test" time="32.387" errors="0" timestamp="2022-06-09T14:30:36 EDT">
  <testcase classname="TestPackage.TestScenario" name="testNG_TC_click_dots" time="0.141"/>
  <testcase classname="TestPackage.TestScenario" name="testNG_TC_click_AboutUs" time="2.134"/>
  <testcase classname="TestPackage.TestScenario" name="testNG_TC_click_personal" time="2.127"/>
</testsuite> <!-- Default test -->
