<?xml version="1.0" encoding="UTF-8"?>
<testng-results ignored="0" total="3" passed="3" failed="0" skipped="0">
  <reporter-output>
  </reporter-output>
  <suite started-at="2022-06-09T14:30:03 EDT" name="Default suite" finished-at="2022-06-09T14:30:36 EDT" duration-ms="32387">
    <groups>
    </groups>
    <test started-at="2022-06-09T14:30:03 EDT" name="Default test" finished-at="2022-06-09T14:30:36 EDT" duration-ms="32387">
      <class name="TestPackage.TestScenario">
        <test-method is-config="true" signature="testNG_TC_beforeTest()[pri:0, instance:TestPackage.TestScenario@130c12b7]" started-at="2022-06-09T14:30:03 EDT" name="testNG_TC_beforeTest" finished-at="2022-06-09T14:30:24 EDT" duration-ms="20278" status="PASS">
          <reporter-output>
          </reporter-output>
        </test-method> <!-- testNG_TC_beforeTest -->
        <test-method signature="testNG_TC_click_dots()[pri:1, instance:TestPackage.TestScenario@130c12b7]" started-at="2022-06-09T14:30:25 EDT" name="testNG_TC_click_dots" finished-at="2022-06-09T14:30:25 EDT" duration-ms="141" status="PASS">
          <reporter-output>
          </reporter-output>
        </test-method> <!-- testNG_TC_click_dots -->
        <test-method signature="testNG_TC_click_AboutUs()[pri:2, instance:TestPackage.TestScenario@130c12b7]" started-at="2022-06-09T14:30:25 EDT" name="testNG_TC_click_AboutUs" finished-at="2022-06-09T14:30:27 EDT" duration-ms="2134" status="PASS">
          <reporter-output>
          </reporter-output>
        </test-method> <!-- testNG_TC_click_AboutUs -->
        <test-method signature="testNG_TC_click_personal()[pri:3, instance:TestPackage.TestScenario@130c12b7]" started-at="2022-06-09T14:30:27 EDT" name="testNG_TC_click_personal" finished-at="2022-06-09T14:30:29 EDT" duration-ms="2127" status="PASS">
          <reporter-output>
          </reporter-output>
        </test-method> <!-- testNG_TC_click_personal -->
        <test-method is-config="true" signature="testNG_TC_afterTest()[pri:0, instance:TestPackage.TestScenario@130c12b7]" started-at="2022-06-09T14:30:29 EDT" name="testNG_TC_afterTest" finished-at="2022-06-09T14:30:36 EDT" duration-ms="6468" status="PASS">
          <reporter-output>
          </reporter-output>
        </test-method> <!-- testNG_TC_afterTest -->
      </class> <!-- TestPackage.TestScenario -->
    </test> <!-- Default test -->
  </suite> <!-- Default suite -->
</testng-results>
